[2013-09-01 07:16:10] __rvm_with
__rvm_with () 
{ 
    ( __rvm_use "$1";
    shift;
    "$@" || return $? )
}
current path: /home/ec2-user/.rvm/src/rvm
command(4): __rvm_with ruby-2.0.0-p247 /home/ec2-user/.rvm/scripts/gemsets initial
Importing initial gemsets for ruby-2.0.0-p247.
paths: /home/ec2-user/.rvm/gemsets/ruby/2.0.0/p247 /home/ec2-user/.rvm/gemsets/ruby/2.0.0 /home/ec2-user/.rvm/gemsets/ruby /home/ec2-user/.rvm/gemsets

Installing gems listed in /home/ec2-user/.rvm/gemsets/default.gems file...


Processing of /home/ec2-user/.rvm/gemsets/default.gems is complete.


Installing gems listed in /home/ec2-user/.rvm/gemsets/global.gems file...

[32minstalling rubygems-bundler ...[0m.......
rubygems-bundler  installed.
[32minstalling bundler ...[0m....
bundler  installed.
[32minstalling rake ...[0m....
rake  installed.
[32minstalling rvm ...[0m....
rvm  installed.

Processing of /home/ec2-user/.rvm/gemsets/global.gems is complete.

Installation of gems for ruby-2.0.0-p247 is complete.
